157
99
15 1
0 2
5 3
54 4
47 5
98 6
12 7
33 8
49 9
1 10
79 11
40 12
80 13
45 14
26 15
25 16
10 17
1 18
79 19
86 20
71 21
70 22
33 23
65 24
69 25
2 26
33 27
86 28
31 29
42 30
50 31
67 32
93 33
30 34
49 35
49 36
86 37
76 38
91 39
1 40
70 41
29 42
4 43
23 44
27 45
33 46
27 47
34 48
88 49
40 50
23 51
71 52
80 53
57 54
89 55
13 56
26 57
54 58
97 59
34 60
29 61
41 62
55 63
46 64
76 65
2 66
10 67
16 68
23 69
5 70
32 71
96 72
21 73
51 74
93 75
4 76
93 77
61 78
0 79
23 80
21 81
15 82
23 83
70 84
95 85
85 86
82 87
41 88
69 89
1 90
23 91
72 92
2 93
53 94
5 95
29 96
85 97
27 98
37 99
