[2025-04-26 18:39:45] [info] Start Program:
Path:"D:\structuri de date si algoritmi\lab_03\Multime\x64\Debug\Multime.exe"
Arguments:
Working directory: "D:\structuri de date si algoritmi\lab_03\Multime\"
Modules: Selected: D:\structuri de date si algoritmi\lab_03\Multime\x64\Debug\Multime.exe Excluded: 
Sources: Selected: D:\structuri de date si algoritmi\lab_03\Multime Excluded: 
Log Level: Normal
Cover Children: 0
Aggregate by file: 1
Continue after C++ exception: 0
Optimized build support: 0
Export: Binary C:\Users\11\AppData\Local\Temp\id5cw45k.yde 
Input coverage: 
Unified diff: 
Excluded line regular expressions: 
Substitute pdb source paths: 

[2025-04-26 18:39:45] [info] Module: D:\structuri de date si algoritmi\lab_03\Multime\x64\Debug\Multime.exe is selected because it matches selected pattern: D:\structuri de date si algoritmi\lab_03\Multime\x64\Debug\Multime.exe
[2025-04-26 18:40:57] [info] ----------------------------------------------------
[2025-04-26 18:40:57] [info] Coverage binary generated in file: C:\Users\11\AppData\Local\Temp\id5cw45k.yde
[2025-04-26 18:40:57] [info] ----------------------------------------------------
